Using pre-set license
Built from '2020.3/staging' branch; Version is '2020.3.4f1 (0abb6314276a) revision 703331'; Using compiler version '192528614'; Build Type 'Release'
OS: 'Windows 10 Home; OS build 19042.928; Version 2009; 64bit' Language: 'es' Physical Memory: 16309 MB
BatchMode: 1, IsHumanControllingUs: 0, StartBugReporterOnCrash: 0, Is64bit: 1, IsPro: 0

 COMMAND LINE ARGUMENTS:
C:\Program Files\Unity\Hub\Editor\2020.3.4f1\Editor\Unity.exe
-adb2
-batchMode
-noUpm
-name
AssetImportWorker0
-projectPath
C:/Users/dquin/Desktop/CG/SheepGame/Introduction to Scripting Part 1
-logFile
Logs/AssetImportWorker0.log
-srvPort
57189
Successfully changed project path to: C:/Users/dquin/Desktop/CG/SheepGame/Introduction to Scripting Part 1
C:/Users/dquin/Desktop/CG/SheepGame/Introduction to Scripting Part 1
Using Asset Import Pipeline V2.
Refreshing native plugins compatible for Editor in 21.27 ms, found 0 plugins.
Preloading 0 native plugins for Editor in 0.00 ms.
Initialize engine version: 2020.3.4f1 (0abb6314276a)
[Subsystems] Discovering subsystems at path C:/Program Files/Unity/Hub/Editor/2020.3.4f1/Editor/Data/Resources/UnitySubsystems
[Subsystems] Discovering subsystems at path C:/Users/dquin/Desktop/CG/SheepGame/Introduction to Scripting Part 1/Assets
GfxDevice: creating device client; threaded=0
Direct3D:
    Version:  Direct3D 11.0 [level 11.1]
    Renderer: NVIDIA GeForce GTX 1060 3GB (ID=0x1c02)
    Vendor:   
    VRAM:     2988 MB
    Driver:   27.21.14.6611
Initialize mono
Mono path[0] = 'C:/Program Files/Unity/Hub/Editor/2020.3.4f1/Editor/Data/Managed'
Mono path[1] = 'C:/Program Files/Unity/Hub/Editor/2020.3.4f1/Editor/Data/MonoBleedingEdge/lib/mono/unityjit'
Mono config path = 'C:/Program Files/Unity/Hub/Editor/2020.3.4f1/Editor/Data/MonoBleedingEdge/etc'
Using monoOptions --debugger-agent=transport=dt_socket,embedding=1,server=y,suspend=n,address=127.0.0.1:56136
Begin MonoManager ReloadAssembly
Registering precompiled unity dll's ...
Register platform support module: C:/Program Files/Unity/Hub/Editor/2020.3.4f1/Editor/Data/PlaybackEngines/WindowsStandaloneSupport/UnityEditor.WindowsStandalone.Extensions.dll
Registered in 0.002048 seconds.
Native extension for WindowsStandalone target not found
Refreshing native plugins compatible for Editor in 23.65 ms, found 0 plugins.
Preloading 0 native plugins for Editor in 0.00 ms.
Mono: successfully reloaded assembly
- Completed reload, in  2.366 seconds
Platform modules already initialized, skipping
Registering precompiled user dll's ...
Registered in 0.000712 seconds.
Begin MonoManager ReloadAssembly
Native extension for WindowsStandalone target not found
Refreshing native plugins compatible for Editor in 0.24 ms, found 0 plugins.
Preloading 0 native plugins for Editor in 0.00 ms.
Mono: successfully reloaded assembly
- Completed reload, in  0.873 seconds
Platform modules already initialized, skipping
========================================================================
Worker process is ready to serve import requests
Launched and connected shader compiler UnityShaderCompiler.exe after 0.07 seconds
Refreshing native plugins compatible for Editor in 0.31 ms, found 0 plugins.
Preloading 0 native plugins for Editor in 0.00 ms.
Unloading 1121 Unused Serialized files (Serialized files now loaded: 0)
System memory in use before: 57.2 MB.
System memory in use after: 57.3 MB.

Unloading 9 unused Assets to reduce memory usage. Loaded Objects now: 1564.
Total: 1.870600 ms (FindLiveObjects: 0.212800 ms CreateObjectMapping: 0.056200 ms MarkObjects: 1.526500 ms  DeleteObjects: 0.074300 ms)

========================================================================
Received Import Request.
  path: Assets/RW/Scripts/DestroyOnTrigger.cs
  artifactKey: Guid(cce2b54433cf9f24dbd739e3e4657b98) Importer(815301076,1909f56bfc062723c751e8b465ee728b)
Start importing Assets/RW/Scripts/DestroyOnTrigger.cs using Guid(cce2b54433cf9f24dbd739e3e4657b98) Importer(815301076,1909f56bfc062723c751e8b465ee728b)  -> (artifact id: '6f9c88c4123d5df109727bf9dfd6d556') in 0.034252 seconds
  Import took 0.036986 seconds .

========================================================================
Received Import Request.
  Time since last request: 0.000219 seconds.
  path: Assets/RW/Scripts/HayMachine.cs
  artifactKey: Guid(8c331f8d29d2e34429c567b1289066cb) Importer(815301076,1909f56bfc062723c751e8b465ee728b)
Start importing Assets/RW/Scripts/HayMachine.cs using Guid(8c331f8d29d2e34429c567b1289066cb) Importer(815301076,1909f56bfc062723c751e8b465ee728b)  -> (artifact id: '1c9211ce1bf5225d6d62d796f31002b7') in 0.009673 seconds
  Import took 0.011625 seconds .

========================================================================
Received Import Request.
  Time since last request: 0.000177 seconds.
  path: Assets/RW/Scripts/dropDestroyDelay.cs
  artifactKey: Guid(55c01c378f689b74a8b94cb1d9312c71) Importer(815301076,1909f56bfc062723c751e8b465ee728b)
Start importing Assets/RW/Scripts/dropDestroyDelay.cs using Guid(55c01c378f689b74a8b94cb1d9312c71) Importer(815301076,1909f56bfc062723c751e8b465ee728b)  -> (artifact id: 'f535f2afce8f537b423b15e38cff129a') in 0.006762 seconds
  Import took 0.008856 seconds .

========================================================================
Received Import Request.
  Time since last request: 367.575555 seconds.
  path: Assets/RW/Sounds
  artifactKey: Guid(77f857458f9d6364a9b5e5273cf0d862) Importer(815301076,1909f56bfc062723c751e8b465ee728b)
Start importing Assets/RW/Sounds using Guid(77f857458f9d6364a9b5e5273cf0d862) Importer(815301076,1909f56bfc062723c751e8b465ee728b)  -> (artifact id: '2a6367354aa0e11c950bf48c7f7e5717') in 0.007045 seconds
  Import took 0.008986 seconds .

========================================================================
Received Prepare
Registering precompiled user dll's ...
Registered in 0.000557 seconds.
Begin MonoManager ReloadAssembly
Native extension for WindowsStandalone target not found
Refreshing native plugins compatible for Editor in 0.23 ms, found 0 plugins.
Preloading 0 native plugins for Editor in 0.00 ms.
Mono: successfully reloaded assembly
- Completed reload, in  0.605 seconds
Platform modules already initialized, skipping
Refreshing native plugins compatible for Editor in 0.23 ms, found 0 plugins.
Preloading 0 native plugins for Editor in 0.00 ms.
Unloading 1114 Unused Serialized files (Serialized files now loaded: 0)
System memory in use before: 57.0 MB.
System memory in use after: 57.1 MB.

Unloading 5 unused Assets to reduce memory usage. Loaded Objects now: 1566.
Total: 1.557300 ms (FindLiveObjects: 0.133400 ms CreateObjectMapping: 0.034900 ms MarkObjects: 1.372200 ms  DeleteObjects: 0.016100 ms)

========================================================================
Received Prepare
Registering precompiled user dll's ...
Registered in 0.000570 seconds.
Begin MonoManager ReloadAssembly
Native extension for WindowsStandalone target not found
Refreshing native plugins compatible for Editor in 0.22 ms, found 0 plugins.
Preloading 0 native plugins for Editor in 0.00 ms.
Mono: successfully reloaded assembly
- Completed reload, in  0.599 seconds
Platform modules already initialized, skipping
Refreshing native plugins compatible for Editor in 0.20 ms, found 0 plugins.
Preloading 0 native plugins for Editor in 0.00 ms.
Unloading 1114 Unused Serialized files (Serialized files now loaded: 0)
System memory in use before: 57.0 MB.
System memory in use after: 57.1 MB.

Unloading 4 unused Assets to reduce memory usage. Loaded Objects now: 1569.
Total: 1.706500 ms (FindLiveObjects: 0.138300 ms CreateObjectMapping: 0.045100 ms MarkObjects: 1.511000 ms  DeleteObjects: 0.011300 ms)

========================================================================
Received Import Request.
  Time since last request: 796.586882 seconds.
  path: Assets/RW/Scripts/DestroyOnTrigger.cs
  artifactKey: Guid(cce2b54433cf9f24dbd739e3e4657b98) Importer(815301076,1909f56bfc062723c751e8b465ee728b)
Start importing Assets/RW/Scripts/DestroyOnTrigger.cs using Guid(cce2b54433cf9f24dbd739e3e4657b98) Importer(815301076,1909f56bfc062723c751e8b465ee728b)  -> (artifact id: '9bd2213fa74a9031aa6a894bf418cd3a') in 0.007365 seconds
  Import took 0.008922 seconds .

========================================================================
Received Prepare
Registering precompiled user dll's ...
Registered in 0.000617 seconds.
Begin MonoManager ReloadAssembly
Native extension for WindowsStandalone target not found
Refreshing native plugins compatible for Editor in 0.23 ms, found 0 plugins.
Preloading 0 native plugins for Editor in 0.00 ms.
Mono: successfully reloaded assembly
- Completed reload, in  0.595 seconds
Platform modules already initialized, skipping
Refreshing native plugins compatible for Editor in 0.19 ms, found 0 plugins.
Preloading 0 native plugins for Editor in 0.00 ms.
Unloading 1114 Unused Serialized files (Serialized files now loaded: 0)
System memory in use before: 57.0 MB.
System memory in use after: 57.1 MB.

Unloading 4 unused Assets to reduce memory usage. Loaded Objects now: 1572.
Total: 1.497500 ms (FindLiveObjects: 0.120800 ms CreateObjectMapping: 0.034200 ms MarkObjects: 1.330300 ms  DeleteObjects: 0.011500 ms)

========================================================================
Received Prepare
Registering precompiled user dll's ...
Registered in 0.000597 seconds.
Begin MonoManager ReloadAssembly
Native extension for WindowsStandalone target not found
Refreshing native plugins compatible for Editor in 0.23 ms, found 0 plugins.
Preloading 0 native plugins for Editor in 0.00 ms.
Mono: successfully reloaded assembly
- Completed reload, in  0.626 seconds
Platform modules already initialized, skipping
Refreshing native plugins compatible for Editor in 0.22 ms, found 0 plugins.
Preloading 0 native plugins for Editor in 0.00 ms.
Unloading 1114 Unused Serialized files (Serialized files now loaded: 0)
System memory in use before: 57.0 MB.
System memory in use after: 57.1 MB.

Unloading 4 unused Assets to reduce memory usage. Loaded Objects now: 1575.
Total: 1.519300 ms (FindLiveObjects: 0.116000 ms CreateObjectMapping: 0.027800 ms MarkObjects: 1.343200 ms  DeleteObjects: 0.031500 ms)

========================================================================
Received Prepare
Registering precompiled user dll's ...
Registered in 0.000593 seconds.
Begin MonoManager ReloadAssembly
Native extension for WindowsStandalone target not found
Refreshing native plugins compatible for Editor in 0.23 ms, found 0 plugins.
Preloading 0 native plugins for Editor in 0.00 ms.
Mono: successfully reloaded assembly
- Completed reload, in  0.599 seconds
Platform modules already initialized, skipping
Refreshing native plugins compatible for Editor in 0.22 ms, found 0 plugins.
Preloading 0 native plugins for Editor in 0.00 ms.
Unloading 1114 Unused Serialized files (Serialized files now loaded: 0)
System memory in use before: 57.1 MB.
System memory in use after: 57.2 MB.

Unloading 4 unused Assets to reduce memory usage. Loaded Objects now: 1578.
Total: 1.557200 ms (FindLiveObjects: 0.126800 ms CreateObjectMapping: 0.034200 ms MarkObjects: 1.384300 ms  DeleteObjects: 0.011000 ms)

========================================================================
Received Prepare
Registering precompiled user dll's ...
Registered in 0.000576 seconds.
Begin MonoManager ReloadAssembly
Native extension for WindowsStandalone target not found
Refreshing native plugins compatible for Editor in 0.23 ms, found 0 plugins.
Preloading 0 native plugins for Editor in 0.00 ms.
Mono: successfully reloaded assembly
- Completed reload, in  0.595 seconds
Platform modules already initialized, skipping
Refreshing native plugins compatible for Editor in 0.23 ms, found 0 plugins.
Preloading 0 native plugins for Editor in 0.00 ms.
Unloading 1114 Unused Serialized files (Serialized files now loaded: 0)
System memory in use before: 57.1 MB.
System memory in use after: 57.2 MB.

Unloading 4 unused Assets to reduce memory usage. Loaded Objects now: 1581.
Total: 1.581500 ms (FindLiveObjects: 0.117400 ms CreateObjectMapping: 0.029800 ms MarkObjects: 1.419800 ms  DeleteObjects: 0.013800 ms)

========================================================================
Received Import Request.
  Time since last request: 19687.095657 seconds.
  path: Assets/RW/Scripts/New Render Texture.renderTexture
  artifactKey: Guid(b78a4943952cde943a9ccadb29af0080) Importer(815301076,1909f56bfc062723c751e8b465ee728b)
Start importing Assets/RW/Scripts/New Render Texture.renderTexture using Guid(b78a4943952cde943a9ccadb29af0080) Importer(815301076,1909f56bfc062723c751e8b465ee728b)  -> (artifact id: '722984450d23fbe6eb2b22581eb86015') in 0.163566 seconds
  Import took 0.200517 seconds .

========================================================================
Received Import Request.
  Time since last request: 30.425743 seconds.
  path: Assets/RW/Scripts/SheepSpawner.cs
  artifactKey: Guid(f78d314fe8a8c664fad749e71e099a6b) Importer(815301076,1909f56bfc062723c751e8b465ee728b)
Start importing Assets/RW/Scripts/SheepSpawner.cs using Guid(f78d314fe8a8c664fad749e71e099a6b) Importer(815301076,1909f56bfc062723c751e8b465ee728b)  -> (artifact id: '57e1a4881bdb5ea567c7d75ffeceeba4') in 0.006698 seconds
  Import took 0.008506 seconds .

========================================================================
Received Prepare
Registering precompiled user dll's ...
Registered in 0.000622 seconds.
Begin MonoManager ReloadAssembly
Native extension for WindowsStandalone target not found
Refreshing native plugins compatible for Editor in 0.25 ms, found 0 plugins.
Preloading 0 native plugins for Editor in 0.00 ms.
Mono: successfully reloaded assembly
- Completed reload, in  0.638 seconds
Platform modules already initialized, skipping
Refreshing native plugins compatible for Editor in 0.47 ms, found 0 plugins.
Preloading 0 native plugins for Editor in 0.00 ms.
Unloading 1115 Unused Serialized files (Serialized files now loaded: 0)
System memory in use before: 60.2 MB.
System memory in use after: 60.3 MB.

Unloading 4 unused Assets to reduce memory usage. Loaded Objects now: 1590.
Total: 1.698900 ms (FindLiveObjects: 0.144600 ms CreateObjectMapping: 0.033800 ms MarkObjects: 1.503000 ms  DeleteObjects: 0.016600 ms)

========================================================================
Received Import Request.
  Time since last request: 1719.603155 seconds.
  path: Assets/RW/Scripts/SheepSpawner.cs
  artifactKey: Guid(f78d314fe8a8c664fad749e71e099a6b) Importer(815301076,1909f56bfc062723c751e8b465ee728b)
Start importing Assets/RW/Scripts/SheepSpawner.cs using Guid(f78d314fe8a8c664fad749e71e099a6b) Importer(815301076,1909f56bfc062723c751e8b465ee728b)  -> (artifact id: '046bfdf2f5a1d75719c217a3cff35e3c') in 0.004962 seconds
  Import took 0.007083 seconds .

========================================================================
Received Prepare
Registering precompiled user dll's ...
Registered in 0.000598 seconds.
Begin MonoManager ReloadAssembly
Native extension for WindowsStandalone target not found
Refreshing native plugins compatible for Editor in 0.24 ms, found 0 plugins.
Preloading 0 native plugins for Editor in 0.00 ms.
Mono: successfully reloaded assembly
- Completed reload, in  0.616 seconds
Platform modules already initialized, skipping
Refreshing native plugins compatible for Editor in 0.20 ms, found 0 plugins.
Preloading 0 native plugins for Editor in 0.00 ms.
Unloading 1115 Unused Serialized files (Serialized files now loaded: 0)
System memory in use before: 60.2 MB.
System memory in use after: 60.3 MB.

Unloading 4 unused Assets to reduce memory usage. Loaded Objects now: 1593.
Total: 1.569900 ms (FindLiveObjects: 0.127000 ms CreateObjectMapping: 0.036100 ms MarkObjects: 1.394700 ms  DeleteObjects: 0.011300 ms)

========================================================================
Received Import Request.
  Time since last request: 78.562887 seconds.
  path: Assets/RW/Scripts/SheepSpawner.cs
  artifactKey: Guid(f78d314fe8a8c664fad749e71e099a6b) Importer(815301076,1909f56bfc062723c751e8b465ee728b)
Start importing Assets/RW/Scripts/SheepSpawner.cs using Guid(f78d314fe8a8c664fad749e71e099a6b) Importer(815301076,1909f56bfc062723c751e8b465ee728b)  -> (artifact id: 'b4c1bef6a58750751ea2ee56f81f3b70') in 0.006597 seconds
  Import took 0.008464 seconds .

========================================================================
Received Import Request.
  Time since last request: 0.020426 seconds.
  path: Assets/RW/Scripts/SheepSpawner.cs
  artifactKey: Guid(f78d314fe8a8c664fad749e71e099a6b) Importer(815301076,1909f56bfc062723c751e8b465ee728b)
Start importing Assets/RW/Scripts/SheepSpawner.cs using Guid(f78d314fe8a8c664fad749e71e099a6b) Importer(815301076,1909f56bfc062723c751e8b465ee728b)  -> (artifact id: 'b4c1bef6a58750751ea2ee56f81f3b70') in 0.002660 seconds
  Import took 0.004504 seconds .

========================================================================
Received Import Request.
  Time since last request: 2.137637 seconds.
  path: Assets/RW/Scripts/Sheep.cs
  artifactKey: Guid(e555896c670d2a9408bd7dbf455732e1) Importer(815301076,1909f56bfc062723c751e8b465ee728b)
Start importing Assets/RW/Scripts/Sheep.cs using Guid(e555896c670d2a9408bd7dbf455732e1) Importer(815301076,1909f56bfc062723c751e8b465ee728b)  -> (artifact id: 'a28bcdcf4c63d943e6aff4335c1de0bf') in 0.006454 seconds
  Import took 0.008361 seconds .

========================================================================
Received Import Request.
  Time since last request: 77.078120 seconds.
  path: Assets/RW/Prefabs/Sheep.prefab
  artifactKey: Guid(c809e0833dc028740b0184b42d27bf4a) Importer(815301076,1909f56bfc062723c751e8b465ee728b)
Start importing Assets/RW/Prefabs/Sheep.prefab using Guid(c809e0833dc028740b0184b42d27bf4a) Importer(815301076,1909f56bfc062723c751e8b465ee728b)  -> (artifact id: 'c74fdb72bd27b73959b3e4138e71aa8e') in 0.081680 seconds
  Import took 0.083726 seconds .

========================================================================
Received Import Request.
  Time since last request: 168.478871 seconds.
  path: Assets/RW/Prefabs/Sheep.prefab
  artifactKey: Guid(c809e0833dc028740b0184b42d27bf4a) Importer(815301076,1909f56bfc062723c751e8b465ee728b)
Start importing Assets/RW/Prefabs/Sheep.prefab using Guid(c809e0833dc028740b0184b42d27bf4a) Importer(815301076,1909f56bfc062723c751e8b465ee728b)  -> (artifact id: '25270afeea0d27787850435efe2cd539') in 0.004321 seconds
  Import took 0.006460 seconds .

========================================================================
Received Prepare
Registering precompiled user dll's ...
Registered in 0.000574 seconds.
Begin MonoManager ReloadAssembly
Native extension for WindowsStandalone target not found
Refreshing native plugins compatible for Editor in 0.30 ms, found 0 plugins.
Preloading 0 native plugins for Editor in 0.00 ms.
Mono: successfully reloaded assembly
- Completed reload, in  0.621 seconds
Platform modules already initialized, skipping
Refreshing native plugins compatible for Editor in 0.37 ms, found 0 plugins.
Preloading 0 native plugins for Editor in 0.00 ms.
Unloading 1115 Unused Serialized files (Serialized files now loaded: 0)
System memory in use before: 60.3 MB.
System memory in use after: 60.4 MB.

Unloading 4 unused Assets to reduce memory usage. Loaded Objects now: 1602.
Total: 1.554000 ms (FindLiveObjects: 0.144400 ms CreateObjectMapping: 0.028400 ms MarkObjects: 1.367900 ms  DeleteObjects: 0.012600 ms)

========================================================================
Received Prepare
Registering precompiled user dll's ...
Registered in 0.000587 seconds.
Begin MonoManager ReloadAssembly
Native extension for WindowsStandalone target not found
Refreshing native plugins compatible for Editor in 0.24 ms, found 0 plugins.
Preloading 0 native plugins for Editor in 0.00 ms.
Mono: successfully reloaded assembly
- Completed reload, in  0.629 seconds
Platform modules already initialized, skipping
Refreshing native plugins compatible for Editor in 0.23 ms, found 0 plugins.
Preloading 0 native plugins for Editor in 0.00 ms.
Unloading 1115 Unused Serialized files (Serialized files now loaded: 0)
System memory in use before: 60.3 MB.
System memory in use after: 60.4 MB.

Unloading 4 unused Assets to reduce memory usage. Loaded Objects now: 1605.
Total: 1.638800 ms (FindLiveObjects: 0.146800 ms CreateObjectMapping: 0.045100 ms MarkObjects: 1.434600 ms  DeleteObjects: 0.011400 ms)

========================================================================
Received Prepare
Registering precompiled user dll's ...
Registered in 0.000623 seconds.
Begin MonoManager ReloadAssembly
Native extension for WindowsStandalone target not found
Refreshing native plugins compatible for Editor in 0.23 ms, found 0 plugins.
Preloading 0 native plugins for Editor in 0.00 ms.
Mono: successfully reloaded assembly
- Completed reload, in  0.594 seconds
Platform modules already initialized, skipping
Refreshing native plugins compatible for Editor in 0.21 ms, found 0 plugins.
Preloading 0 native plugins for Editor in 0.00 ms.
Unloading 1115 Unused Serialized files (Serialized files now loaded: 0)
System memory in use before: 60.3 MB.
System memory in use after: 60.4 MB.

Unloading 4 unused Assets to reduce memory usage. Loaded Objects now: 1608.
Total: 1.848600 ms (FindLiveObjects: 0.159200 ms CreateObjectMapping: 0.061100 ms MarkObjects: 1.612300 ms  DeleteObjects: 0.014700 ms)

